c:\users\ritaban\desktop\cs playground\sfml\mario\mario\x64\debug\vc143.pdb
c:\users\ritaban\desktop\cs playground\sfml\mario\mario\x64\debug\vc143.idb
c:\users\ritaban\desktop\cs playground\sfml\mario\mario\x64\debug\glm.obj
c:\users\ritaban\desktop\cs playground\sfml\mario\mario\x64\debug\main.obj
c:\users\ritaban\desktop\cs playground\sfml\mario\mario\x64\debug\game.obj
c:\users\ritaban\desktop\cs playground\sfml\mario\mario\x64\debug\camera.obj
c:\users\ritaban\desktop\cs playground\sfml\mario\mario\x64\debug\renderer.obj
c:\users\ritaban\desktop\cs playground\sfml\mario\mario\x64\debug\resources.obj
c:\users\ritaban\desktop\cs playground\sfml\mario\mario\x64\debug\map.obj
c:\users\ritaban\desktop\cs playground\sfml\mario\mario\x64\debug\mario.obj
c:\users\ritaban\desktop\cs playground\sfml\mario\x64\debug\mario.exe
c:\users\ritaban\desktop\cs playground\sfml\mario\x64\debug\mario.pdb
c:\users\ritaban\desktop\cs playground\sfml\mario\mario\x64\debug\mario.ilk
c:\users\ritaban\desktop\cs playground\sfml\mario\mario\x64\debug\entity.obj
c:\users\ritaban\desktop\cs playground\sfml\mario\mario\x64\debug\entitymanager.obj
c:\users\ritaban\desktop\cs playground\sfml\mario\mario\x64\debug\utils.obj
c:\users\ritaban\desktop\cs playground\sfml\mario\mario\x64\debug\mario.tlog\cl.command.1.tlog
c:\users\ritaban\desktop\cs playground\sfml\mario\mario\x64\debug\mario.tlog\cl.items.tlog
c:\users\ritaban\desktop\cs playground\sfml\mario\mario\x64\debug\mario.tlog\cl.read.1.tlog
c:\users\ritaban\desktop\cs playground\sfml\mario\mario\x64\debug\mario.tlog\cl.write.1.tlog
c:\users\ritaban\desktop\cs playground\sfml\mario\mario\x64\debug\mario.tlog\link.command.1.tlog
c:\users\ritaban\desktop\cs playground\sfml\mario\mario\x64\debug\mario.tlog\link.read.1.tlog
c:\users\ritaban\desktop\cs playground\sfml\mario\mario\x64\debug\mario.tlog\link.secondary.1.tlog
c:\users\ritaban\desktop\cs playground\sfml\mario\mario\x64\debug\mario.tlog\link.write.1.tlog
