  Entity.cpp
  EntityManager.cpp
  Game.cpp
C:\Users\RITABAN\Desktop\CS Playground\SFML\mario\src\Game.cpp(354,22): warning C4018: '<': signed/unsigned mismatch
C:\Users\RITABAN\Desktop\CS Playground\SFML\mario\src\Game.cpp(371,22): warning C4018: '<': signed/unsigned mismatch
C:\Users\RITABAN\Desktop\CS Playground\SFML\mario\src\Game.cpp(421,10): warning C4244: 'initializing': conversion from 'int' to 'float', possible loss of data
C:\Users\RITABAN\Desktop\CS Playground\SFML\mario\src\Game.cpp(422,10): warning C4244: 'initializing': conversion from 'int' to 'float', possible loss of data
C:\Users\RITABAN\Desktop\CS Playground\SFML\mario\src\Game.cpp(426,13): warning C4244: 'initializing': conversion from 'int' to 'float', possible loss of data
C:\Users\RITABAN\Desktop\CS Playground\SFML\mario\src\Game.cpp(427,13): warning C4244: 'initializing': conversion from 'int' to 'float', possible loss of data
C:\Users\RITABAN\Desktop\CS Playground\SFML\mario\src\Game.cpp(430,34): warning C4244: 'argument': conversion from 'float' to 'int', possible loss of data
C:\Users\RITABAN\Desktop\CS Playground\SFML\mario\src\Game.cpp(430,25): warning C4244: 'argument': conversion from 'float' to 'int', possible loss of data
C:\Users\RITABAN\Desktop\CS Playground\SFML\mario\src\Game.cpp(460,15): warning C4267: 'initializing': conversion from 'size_t' to 'int', possible loss of data
C:\Users\RITABAN\Desktop\CS Playground\SFML\mario\src\Game.cpp(471,14): warning C4244: 'initializing': conversion from 'double' to 'float', possible loss of data
C:\Users\RITABAN\Desktop\CS Playground\SFML\mario\src\Game.cpp(472,14): warning C4244: 'initializing': conversion from 'double' to 'float', possible loss of data
C:\Program Files\Microsoft Visual Studio\2022\Community\VC\Tools\MSVC\14.41.34120\include\xutility(389,75): warning C4244: 'argument': conversion from 'int' to 'float', possible loss of data
  (compiling source file 'src/Game.cpp')
      C:\Program Files\Microsoft Visual Studio\2022\Community\VC\Tools\MSVC\14.41.34120\include\xutility(389,75):
      the template instantiation context (the oldest one first) is
          C:\Users\RITABAN\Desktop\CS Playground\SFML\mario\src\Game.cpp(402,24):
          see reference to function template instantiation 'std::shared_ptr<CShape> std::make_shared<CShape,int&,int&,sf::Color&,sf::Color&,int&>(int &,int &,sf::Color &,sf::Color &,int &)' being compiled
          C:\Program Files\Microsoft Visual Studio\2022\Community\VC\Tools\MSVC\14.41.34120\include\memory(2906,46):
          see reference to function template instantiation 'std::_Ref_count_obj2<CShape>::_Ref_count_obj2<int&,int&,sf::Color&,sf::Color&,int&>(int &,int &,sf::Color &,sf::Color &,int &)' being compiled
          C:\Program Files\Microsoft Visual Studio\2022\Community\VC\Tools\MSVC\14.41.34120\include\memory(2095,18):
          see reference to function template instantiation 'void std::_Construct_in_place<_Ty,int&,int&,sf::Color&,sf::Color&,int&>(_Ty &,int &,int &,sf::Color &,sf::Color &,int &) noexcept(false)' being compiled
          with
          [
              _Ty=CShape
          ]
          C:\Program Files\Microsoft Visual Studio\2022\Community\VC\Tools\MSVC\14.41.34120\include\xutility(399,14):
          see reference to function template instantiation '_Ty *std::construct_at<_Ty,int&,int&,sf::Color&,sf::Color&,int&>(_Ty *const ,int &,int &,sf::Color &,sf::Color &,int &) noexcept(<expr>)' being compiled
          with
          [
              _Ty=CShape
          ]
  
C:\Program Files\Microsoft Visual Studio\2022\Community\VC\Tools\MSVC\14.41.34120\include\xutility(403,82): warning C4244: 'argument': conversion from 'int' to 'float', possible loss of data
  (compiling source file 'src/Game.cpp')
  
C:\Program Files\Microsoft Visual Studio\2022\Community\VC\Tools\MSVC\14.41.34120\include\xutility(389,75): warning C4244: 'argument': conversion from '_Ty' to 'float', possible loss of data
C:\Program Files\Microsoft Visual Studio\2022\Community\VC\Tools\MSVC\14.41.34120\include\xutility(389,75): warning C4244:         with
C:\Program Files\Microsoft Visual Studio\2022\Community\VC\Tools\MSVC\14.41.34120\include\xutility(389,75): warning C4244:         [
C:\Program Files\Microsoft Visual Studio\2022\Community\VC\Tools\MSVC\14.41.34120\include\xutility(389,75): warning C4244:             _Ty=int
C:\Program Files\Microsoft Visual Studio\2022\Community\VC\Tools\MSVC\14.41.34120\include\xutility(389,75): warning C4244:         ]
  (compiling source file 'src/Game.cpp')
      C:\Program Files\Microsoft Visual Studio\2022\Community\VC\Tools\MSVC\14.41.34120\include\xutility(389,75):
      the template instantiation context (the oldest one first) is
          C:\Users\RITABAN\Desktop\CS Playground\SFML\mario\src\Game.cpp(490,9):
          see reference to function template instantiation 'std::shared_ptr<CCollision> std::make_shared<CCollision,int>(int &&)' being compiled
          C:\Program Files\Microsoft Visual Studio\2022\Community\VC\Tools\MSVC\14.41.34120\include\memory(2906,46):
          see reference to function template instantiation 'std::_Ref_count_obj2<CCollision>::_Ref_count_obj2<_Ty>(_Ty &&)' being compiled
          with
          [
              _Ty=int
          ]
          C:\Program Files\Microsoft Visual Studio\2022\Community\VC\Tools\MSVC\14.41.34120\include\memory(2095,18):
          see reference to function template instantiation 'void std::_Construct_in_place<_Ty,int>(_Ty &,int &&) noexcept(false)' being compiled
          with
          [
              _Ty=CCollision
          ]
          C:\Program Files\Microsoft Visual Studio\2022\Community\VC\Tools\MSVC\14.41.34120\include\xutility(399,14):
          see reference to function template instantiation '_Ty *std::construct_at<_Ty,int>(_Ty *const ,int &&) noexcept(<expr>)' being compiled
          with
          [
              _Ty=CCollision
          ]
  
C:\Program Files\Microsoft Visual Studio\2022\Community\VC\Tools\MSVC\14.41.34120\include\xutility(403,82): warning C4244: 'argument': conversion from '_Ty' to 'float', possible loss of data
C:\Program Files\Microsoft Visual Studio\2022\Community\VC\Tools\MSVC\14.41.34120\include\xutility(403,82): warning C4244:         with
C:\Program Files\Microsoft Visual Studio\2022\Community\VC\Tools\MSVC\14.41.34120\include\xutility(403,82): warning C4244:         [
C:\Program Files\Microsoft Visual Studio\2022\Community\VC\Tools\MSVC\14.41.34120\include\xutility(403,82): warning C4244:             _Ty=int
C:\Program Files\Microsoft Visual Studio\2022\Community\VC\Tools\MSVC\14.41.34120\include\xutility(403,82): warning C4244:         ]
  (compiling source file 'src/Game.cpp')
  
C:\Program Files\Microsoft Visual Studio\2022\Community\VC\Tools\MSVC\14.41.34120\include\xutility(389,75): warning C4244: 'argument': conversion from '_Ty' to 'int', possible loss of data
C:\Program Files\Microsoft Visual Studio\2022\Community\VC\Tools\MSVC\14.41.34120\include\xutility(389,75): warning C4244:         with
C:\Program Files\Microsoft Visual Studio\2022\Community\VC\Tools\MSVC\14.41.34120\include\xutility(389,75): warning C4244:         [
C:\Program Files\Microsoft Visual Studio\2022\Community\VC\Tools\MSVC\14.41.34120\include\xutility(389,75): warning C4244:             _Ty=double
C:\Program Files\Microsoft Visual Studio\2022\Community\VC\Tools\MSVC\14.41.34120\include\xutility(389,75): warning C4244:         ]
  (compiling source file 'src/Game.cpp')
      C:\Program Files\Microsoft Visual Studio\2022\Community\VC\Tools\MSVC\14.41.34120\include\xutility(389,75):
      the template instantiation context (the oldest one first) is
          C:\Users\RITABAN\Desktop\CS Playground\SFML\mario\src\Game.cpp(543,22):
          see reference to function template instantiation 'std::shared_ptr<CLifespan> std::make_shared<CLifespan,double>(double &&)' being compiled
          C:\Program Files\Microsoft Visual Studio\2022\Community\VC\Tools\MSVC\14.41.34120\include\memory(2906,46):
          see reference to function template instantiation 'std::_Ref_count_obj2<CLifespan>::_Ref_count_obj2<_Ty>(_Ty &&)' being compiled
          with
          [
              _Ty=double
          ]
          C:\Program Files\Microsoft Visual Studio\2022\Community\VC\Tools\MSVC\14.41.34120\include\memory(2095,18):
          see reference to function template instantiation 'void std::_Construct_in_place<_Ty,double>(_Ty &,double &&) noexcept(false)' being compiled
          with
          [
              _Ty=CLifespan
          ]
          C:\Program Files\Microsoft Visual Studio\2022\Community\VC\Tools\MSVC\14.41.34120\include\xutility(399,14):
          see reference to function template instantiation '_Ty *std::construct_at<_Ty,double>(_Ty *const ,double &&) noexcept(<expr>)' being compiled
          with
          [
              _Ty=CLifespan
          ]
  
C:\Program Files\Microsoft Visual Studio\2022\Community\VC\Tools\MSVC\14.41.34120\include\xutility(403,82): warning C4244: 'argument': conversion from '_Ty' to 'int', possible loss of data
C:\Program Files\Microsoft Visual Studio\2022\Community\VC\Tools\MSVC\14.41.34120\include\xutility(403,82): warning C4244:         with
C:\Program Files\Microsoft Visual Studio\2022\Community\VC\Tools\MSVC\14.41.34120\include\xutility(403,82): warning C4244:         [
C:\Program Files\Microsoft Visual Studio\2022\Community\VC\Tools\MSVC\14.41.34120\include\xutility(403,82): warning C4244:             _Ty=double
C:\Program Files\Microsoft Visual Studio\2022\Community\VC\Tools\MSVC\14.41.34120\include\xutility(403,82): warning C4244:         ]
  (compiling source file 'src/Game.cpp')
  
C:\Program Files\Microsoft Visual Studio\2022\Community\VC\Tools\MSVC\14.41.34120\include\xutility(390,90): warning C4244: 'argument': conversion from 'int' to 'float', possible loss of data
  (compiling source file 'src/Game.cpp')
      C:\Program Files\Microsoft Visual Studio\2022\Community\VC\Tools\MSVC\14.41.34120\include\xutility(390,90):
      the template instantiation context (the oldest one first) is
          C:\Program Files\Microsoft Visual Studio\2022\Community\VC\Tools\MSVC\14.41.34120\include\memory(2095,18):
          see reference to function template instantiation 'void std::_Construct_in_place<_Ty,int&,int&,sf::Color&,sf::Color&,int&>(_Ty &,int &,int &,sf::Color &,sf::Color &,int &) noexcept(false)' being compiled
          with
          [
              _Ty=CShape
          ]
          C:\Program Files\Microsoft Visual Studio\2022\Community\VC\Tools\MSVC\14.41.34120\include\xutility(399,14):
          see reference to function template instantiation '_Ty *std::construct_at<_Ty,int&,int&,sf::Color&,sf::Color&,int&>(_Ty *const ,int &,int &,sf::Color &,sf::Color &,int &) noexcept(false)' being compiled
          with
          [
              _Ty=CShape
          ]
  
C:\Program Files\Microsoft Visual Studio\2022\Community\VC\Tools\MSVC\14.41.34120\include\xutility(390,90): warning C4244: 'argument': conversion from '_Ty' to 'float', possible loss of data
C:\Program Files\Microsoft Visual Studio\2022\Community\VC\Tools\MSVC\14.41.34120\include\xutility(390,90): warning C4244:         with
C:\Program Files\Microsoft Visual Studio\2022\Community\VC\Tools\MSVC\14.41.34120\include\xutility(390,90): warning C4244:         [
C:\Program Files\Microsoft Visual Studio\2022\Community\VC\Tools\MSVC\14.41.34120\include\xutility(390,90): warning C4244:             _Ty=int
C:\Program Files\Microsoft Visual Studio\2022\Community\VC\Tools\MSVC\14.41.34120\include\xutility(390,90): warning C4244:         ]
  (compiling source file 'src/Game.cpp')
      C:\Program Files\Microsoft Visual Studio\2022\Community\VC\Tools\MSVC\14.41.34120\include\xutility(390,90):
      the template instantiation context (the oldest one first) is
          C:\Program Files\Microsoft Visual Studio\2022\Community\VC\Tools\MSVC\14.41.34120\include\memory(2095,18):
          see reference to function template instantiation 'void std::_Construct_in_place<_Ty,int>(_Ty &,int &&) noexcept(false)' being compiled
          with
          [
              _Ty=CCollision
          ]
          C:\Program Files\Microsoft Visual Studio\2022\Community\VC\Tools\MSVC\14.41.34120\include\xutility(399,14):
          see reference to function template instantiation '_Ty *std::construct_at<_Ty,int>(_Ty *const ,int &&) noexcept(false)' being compiled
          with
          [
              _Ty=CCollision
          ]
  
C:\Program Files\Microsoft Visual Studio\2022\Community\VC\Tools\MSVC\14.41.34120\include\xutility(390,90): warning C4244: 'argument': conversion from '_Ty' to 'int', possible loss of data
C:\Program Files\Microsoft Visual Studio\2022\Community\VC\Tools\MSVC\14.41.34120\include\xutility(390,90): warning C4244:         with
C:\Program Files\Microsoft Visual Studio\2022\Community\VC\Tools\MSVC\14.41.34120\include\xutility(390,90): warning C4244:         [
C:\Program Files\Microsoft Visual Studio\2022\Community\VC\Tools\MSVC\14.41.34120\include\xutility(390,90): warning C4244:             _Ty=double
C:\Program Files\Microsoft Visual Studio\2022\Community\VC\Tools\MSVC\14.41.34120\include\xutility(390,90): warning C4244:         ]
  (compiling source file 'src/Game.cpp')
      C:\Program Files\Microsoft Visual Studio\2022\Community\VC\Tools\MSVC\14.41.34120\include\xutility(390,90):
      the template instantiation context (the oldest one first) is
          C:\Program Files\Microsoft Visual Studio\2022\Community\VC\Tools\MSVC\14.41.34120\include\memory(2095,18):
          see reference to function template instantiation 'void std::_Construct_in_place<_Ty,double>(_Ty &,double &&) noexcept(false)' being compiled
          with
          [
              _Ty=CLifespan
          ]
          C:\Program Files\Microsoft Visual Studio\2022\Community\VC\Tools\MSVC\14.41.34120\include\xutility(399,14):
          see reference to function template instantiation '_Ty *std::construct_at<_Ty,double>(_Ty *const ,double &&) noexcept(false)' being compiled
          with
          [
              _Ty=CLifespan
          ]
  
  Main.cpp
  utils.cpp
  glm.cpp
  Generating Code...
  mario.vcxproj -> C:\Users\RITABAN\Desktop\CS Playground\SFML\mario\x64\Debug\mario.exe
